PRT1
162
517
4 0 64 (7168 8712 152 ) (7168 8712 704 ) (7168 8720 704 ) (7168 8720 152 ) 
4 0 1 (7888 8712 704 ) (7168 8712 704 ) (7168 8712 152 ) (7888 8712 152 ) 
4 1 65 (7168 8376 784 ) (7168 8712 784 ) (7168 8712 104 ) (7168 8376 104 ) 
4 1 2 (8176 8376 104 ) (8176 8376 784 ) (7168 8376 784 ) (7168 8376 104 ) 
4 2 66 (7168 8192 56 ) (7168 8192 784 ) (7168 8376 784 ) (7168 8376 56 ) 
4 2 62 (7168 8192 86 ) (7168 8192 56 ) (7861 8192 56 ) (7861 8192 86 ) 
4 2 54 (7168 8192 206 ) (7168 8192 86 ) (7861 8192 86 ) (7861 8192 206 ) 
4 2 48 (7168 8192 296 ) (7168 8192 206 ) (7861 8192 206 ) (7861 8192 296 ) 
4 2 46 (7168 8192 326 ) (7168 8192 296 ) (7861 8192 296 ) (7861 8192 326 ) 
4 2 44 (7861 8192 784 ) (7168 8192 784 ) (7168 8192 326 ) (7861 8192 326 ) 
4 2 42 (7861 8192 71 ) (7861 8192 56 ) (7945 8192 56 ) (7945 8192 71 ) 
4 2 36 (7861 8192 116 ) (7861 8192 71 ) (7945 8192 71 ) (7945 8192 116 ) 
4 2 24 (7861 8192 206 ) (7861 8192 116 ) (7945 8192 116 ) (7945 8192 206 ) 
4 2 12 (7861 8192 296 ) (7861 8192 206 ) (7945 8192 206 ) (7945 8192 296 ) 
4 2 6 (7861 8192 341 ) (7861 8192 296 ) (7945 8192 296 ) (7945 8192 341 ) 
4 2 5 (7861 8192 356 ) (7861 8192 341 ) (7945 8192 341 ) (7945 8192 356 ) 
4 2 4 (7945 8192 784 ) (7861 8192 784 ) (7861 8192 356 ) (7945 8192 356 ) 
4 2 3 (8176 8192 784 ) (7945 8192 784 ) (7945 8192 56 ) (8176 8192 56 ) 
4 3 128 (8176 7168 56 ) (8176 7168 784 ) (7945 7168 784 ) (7945 7168 56 ) 
4 3 42 (7945 8192 71 ) (7945 8192 56 ) (7945 8125 56 ) (7945 8125 71 ) 
4 3 43 (7945 8075 56 ) (7945 7168 56 ) (7945 7168 71 ) (7945 8075 71 ) 
4 3 40 (7945 7975 71 ) (7945 7925 71 ) (7945 7925 101 ) (7945 7975 101 ) 
4 3 41 (7945 7925 71 ) (7945 7168 71 ) (7945 7168 116 ) (7945 7925 116 ) 
4 3 38 (7945 7975 101 ) (7945 7975 116 ) (7945 8025 116 ) (7945 8025 101 ) 
4 3 39 (7945 8025 71 ) (7945 7975 71 ) (7945 7975 86 ) (7945 8025 86 ) 
4 3 37 (7945 8025 86 ) (7945 8025 116 ) (7945 8075 116 ) (7945 8075 86 ) 
4 3 36 (7945 8192 116 ) (7945 8192 71 ) (7945 8075 71 ) (7945 8075 116 ) 
4 3 34 (7945 7675 116 ) (7945 7625 116 ) (7945 7625 191 ) (7945 7675 191 ) 
4 3 35 (7945 7625 116 ) (7945 7168 116 ) (7945 7168 206 ) (7945 7625 206 ) 
4 3 32 (7945 7675 191 ) (7945 7675 206 ) (7945 7725 206 ) (7945 7725 191 ) 
4 3 33 (7945 7725 116 ) (7945 7675 116 ) (7945 7675 176 ) (7945 7725 176 ) 
4 3 30 (7945 7725 176 ) (7945 7725 206 ) (7945 7775 206 ) (7945 7775 176 ) 
4 3 31 (7945 7775 116 ) (7945 7725 116 ) (7945 7725 161 ) (7945 7775 161 ) 
4 3 28 (7945 7775 161 ) (7945 7775 206 ) (7945 7825 206 ) (7945 7825 161 ) 
4 3 29 (7945 7825 116 ) (7945 7775 116 ) (7945 7775 146 ) (7945 7825 146 ) 
4 3 26 (7945 7825 146 ) (7945 7825 206 ) (7945 7875 206 ) (7945 7875 146 ) 
4 3 27 (7945 7875 116 ) (7945 7825 116 ) (7945 7825 131 ) (7945 7875 131 ) 
4 3 25 (7945 7875 131 ) (7945 7875 206 ) (7945 7925 206 ) (7945 7925 131 ) 
4 3 24 (7945 8192 206 ) (7945 8192 116 ) (7945 7925 116 ) (7945 7925 206 ) 
4 3 22 (7945 7375 206 ) (7945 7325 206 ) (7945 7325 281 ) (7945 7375 281 ) 
4 3 23 (7945 7325 206 ) (7945 7168 206 ) (7945 7168 296 ) (7945 7325 296 ) 
4 3 20 (7945 7375 281 ) (7945 7375 296 ) (7945 7425 296 ) (7945 7425 281 ) 
4 3 21 (7945 7425 206 ) (7945 7375 206 ) (7945 7375 266 ) (7945 7425 266 ) 
4 3 18 (7945 7425 266 ) (7945 7425 296 ) (7945 7475 296 ) (7945 7475 266 ) 
4 3 19 (7945 7475 206 ) (7945 7425 206 ) (7945 7425 251 ) (7945 7475 251 ) 
4 3 16 (7945 7475 251 ) (7945 7475 296 ) (7945 7525 296 ) (7945 7525 251 ) 
4 3 17 (7945 7525 206 ) (7945 7475 206 ) (7945 7475 236 ) (7945 7525 236 ) 
4 3 14 (7945 7525 236 ) (7945 7525 296 ) (7945 7575 296 ) (7945 7575 236 ) 
4 3 15 (7945 7575 206 ) (7945 7525 206 ) (7945 7525 221 ) (7945 7575 221 ) 
4 3 13 (7945 7575 221 ) (7945 7575 296 ) (7945 7625 296 ) (7945 7625 221 ) 
4 3 12 (7945 8192 296 ) (7945 8192 206 ) (7945 7625 206 ) (7945 7625 296 ) 
4 3 10 (7945 7225 296 ) (7945 7175 296 ) (7945 7175 326 ) (7945 7225 326 ) 
4 3 11 (7945 7175 296 ) (7945 7168 296 ) (7945 7168 341 ) (7945 7175 341 ) 
4 3 8 (7945 7225 326 ) (7945 7225 341 ) (7945 7275 341 ) (7945 7275 326 ) 
4 3 9 (7945 7275 296 ) (7945 7225 296 ) (7945 7225 311 ) (7945 7275 311 ) 
4 3 7 (7945 7275 311 ) (7945 7275 341 ) (7945 7325 341 ) (7945 7325 311 ) 
4 3 6 (7945 8192 341 ) (7945 8192 296 ) (7945 7325 296 ) (7945 7325 341 ) 
4 3 5 (7945 8192 356 ) (7945 8192 341 ) (7945 7175 341 ) (7945 7175 356 ) 
4 3 4 (7945 8192 784 ) (7945 8192 356 ) (7945 7168 356 ) (7945 7168 784 ) 
4 4 135 (7945 7168 356 ) (7945 7168 371 ) (7861 7168 371 ) (7861 7168 356 ) 
4 4 131 (7945 7168 371 ) (7945 7168 401 ) (7861 7168 401 ) (7861 7168 371 ) 
4 4 130 (7945 7168 401 ) (7945 7168 416 ) (7861 7168 416 ) (7861 7168 401 ) 
4 4 129 (7945 7168 416 ) (7945 7168 784 ) (7861 7168 784 ) (7861 7168 416 ) 
4 4 45 (7861 7168 356 ) (7861 7168 784 ) (7861 7225 784 ) (7861 7225 356 ) 
4 4 44 (7861 7225 784 ) (7861 8192 784 ) (7861 8192 356 ) (7861 7225 356 ) 
4 4 5 (7861 7175 356 ) (7861 8192 356 ) (7945 8192 356 ) (7945 7175 356 ) 
4 5 44 (7861 7225 356 ) (7861 8192 356 ) (7861 8192 341 ) (7861 7225 341 ) 
4 5 8 (7861 7225 341 ) (7861 7275 341 ) (7945 7275 341 ) (7945 7225 341 ) 
4 5 7 (7861 7275 341 ) (7861 7325 341 ) (7945 7325 341 ) (7945 7275 341 ) 
4 5 6 (7861 7325 341 ) (7861 8192 341 ) (7945 8192 341 ) (7945 7325 341 ) 
4 6 46 (7861 8192 326 ) (7861 8192 296 ) (7861 7325 296 ) (7861 7325 326 ) 
4 6 44 (7861 7325 341 ) (7861 8192 341 ) (7861 8192 326 ) (7861 7325 326 ) 
4 6 20 (7861 7375 296 ) (7861 7425 296 ) (7945 7425 296 ) (7945 7375 296 ) 
4 6 18 (7861 7425 296 ) (7861 7475 296 ) (7945 7475 296 ) (7945 7425 296 ) 
4 6 16 (7861 7475 296 ) (7861 7525 296 ) (7945 7525 296 ) (7945 7475 296 ) 
4 6 14 (7861 7525 296 ) (7861 7575 296 ) (7945 7575 296 ) (7945 7525 296 ) 
4 6 13 (7861 7575 296 ) (7861 7625 296 ) (7945 7625 296 ) (7945 7575 296 ) 
4 6 12 (7861 7625 296 ) (7861 8192 296 ) (7945 8192 296 ) (7945 7625 296 ) 
4 6 7 (7945 7325 311 ) (7945 7325 341 ) (7861 7325 341 ) (7861 7325 311 ) 
4 7 44 (7861 7275 341 ) (7861 7325 341 ) (7861 7325 326 ) (7861 7275 326 ) 
4 7 8 (7945 7275 326 ) (7945 7275 341 ) (7861 7275 341 ) (7861 7275 326 ) 
4 8 44 (7861 7225 341 ) (7861 7275 341 ) (7861 7275 326 ) (7861 7225 326 ) 
4 9 23 (7861 7225 296 ) (7861 7275 296 ) (7945 7275 296 ) (7945 7225 296 ) 
4 9 10 (7861 7225 296 ) (7945 7225 296 ) (7945 7225 311 ) (7861 7225 311 ) 
4 10 47 (7861 7225 326 ) (7861 7225 296 ) (7861 7175 296 ) (7861 7175 326 ) 
4 10 23 (7861 7175 296 ) (7861 7225 296 ) (7945 7225 296 ) (7945 7175 296 ) 
4 10 11 (7861 7175 296 ) (7945 7175 296 ) (7945 7175 326 ) (7861 7175 326 ) 
4 11 138 (7945 7168 296 ) (7945 7168 341 ) (7861 7168 341 ) (7861 7168 296 ) 
4 11 47 (7861 7168 296 ) (7861 7168 326 ) (7861 7175 326 ) (7861 7175 296 ) 
4 11 23 (7861 7168 296 ) (7861 7175 296 ) (7945 7175 296 ) (7945 7168 296 ) 
4 12 48 (7861 7625 296 ) (7861 8192 296 ) (7861 8192 206 ) (7861 7625 206 ) 
4 12 32 (7861 7675 206 ) (7861 7725 206 ) (7945 7725 206 ) (7945 7675 206 ) 
4 12 30 (7861 7725 206 ) (7861 7775 206 ) (7945 7775 206 ) (7945 7725 206 ) 
4 12 28 (7861 7775 206 ) (7861 7825 206 ) (7945 7825 206 ) (7945 7775 206 ) 
4 12 26 (7861 7825 206 ) (7861 7875 206 ) (7945 7875 206 ) (7945 7825 206 ) 
4 12 25 (7861 7875 206 ) (7861 7925 206 ) (7945 7925 206 ) (7945 7875 206 ) 
4 12 24 (7861 7925 206 ) (7861 8192 206 ) (7945 8192 206 ) (7945 7925 206 ) 
4 12 13 (7945 7625 221 ) (7945 7625 296 ) (7861 7625 296 ) (7861 7625 221 ) 
4 13 49 (7861 7575 296 ) (7861 7625 296 ) (7861 7625 236 ) (7861 7575 236 ) 
4 13 14 (7945 7575 236 ) (7945 7575 296 ) (7861 7575 296 ) (7861 7575 236 ) 
4 14 49 (7861 7525 296 ) (7861 7575 296 ) (7861 7575 236 ) (7861 7525 236 ) 
4 14 16 (7945 7525 251 ) (7945 7525 296 ) (7861 7525 296 ) (7861 7525 251 ) 
4 15 35 (7861 7525 206 ) (7861 7575 206 ) (7945 7575 206 ) (7945 7525 206 ) 
4 15 17 (7861 7525 206 ) (7945 7525 206 ) (7945 7525 221 ) (7861 7525 221 ) 
4 16 50 (7861 7475 296 ) (7861 7525 296 ) (7861 7525 266 ) (7861 7475 266 ) 
4 16 18 (7945 7475 266 ) (7945 7475 296 ) (7861 7475 296 ) (7861 7475 266 ) 
4 17 51 (7861 7525 236 ) (7861 7525 206 ) (7861 7475 206 ) (7861 7475 236 ) 
4 17 35 (7861 7475 206 ) (7861 7525 206 ) (7945 7525 206 ) (7945 7475 206 ) 
4 17 19 (7861 7475 206 ) (7945 7475 206 ) (7945 7475 236 ) (7861 7475 236 ) 
4 18 50 (7861 7425 296 ) (7861 7475 296 ) (7861 7475 266 ) (7861 7425 266 ) 
4 18 20 (7945 7425 281 ) (7945 7425 296 ) (7861 7425 296 ) (7861 7425 281 ) 
4 19 51 (7861 7475 236 ) (7861 7475 206 ) (7861 7425 206 ) (7861 7425 236 ) 
4 19 35 (7861 7425 206 ) (7861 7475 206 ) (7945 7475 206 ) (7945 7425 206 ) 
4 19 21 (7861 7425 206 ) (7945 7425 206 ) (7945 7425 251 ) (7861 7425 251 ) 
4 21 52 (7861 7425 266 ) (7861 7425 206 ) (7861 7375 206 ) (7861 7375 266 ) 
4 21 35 (7861 7375 206 ) (7861 7425 206 ) (7945 7425 206 ) (7945 7375 206 ) 
4 21 22 (7861 7375 206 ) (7945 7375 206 ) (7945 7375 266 ) (7861 7375 266 ) 
4 22 52 (7861 7375 266 ) (7861 7375 206 ) (7861 7325 206 ) (7861 7325 266 ) 
4 22 35 (7861 7325 206 ) (7861 7375 206 ) (7945 7375 206 ) (7945 7325 206 ) 
4 22 23 (7861 7325 206 ) (7945 7325 206 ) (7945 7325 281 ) (7861 7325 281 ) 
4 23 138 (7945 7168 206 ) (7945 7168 296 ) (7861 7168 296 ) (7861 7168 206 ) 
4 23 53 (7861 7168 206 ) (7861 7168 296 ) (7861 7325 296 ) (7861 7325 206 ) 
4 23 35 (7861 7168 206 ) (7861 7325 206 ) (7945 7325 206 ) (7945 7168 206 ) 
4 24 55 (7861 7925 206 ) (7861 8025 206 ) (7861 8025 116 ) (7861 7925 116 ) 
4 24 54 (7861 8025 206 ) (7861 8192 206 ) (7861 8192 116 ) (7861 8025 116 ) 
4 24 38 (7861 7975 116 ) (7861 8025 116 ) (7945 8025 116 ) (7945 7975 116 ) 
4 24 37 (7861 8025 116 ) (7861 8075 116 ) (7945 8075 116 ) (7945 8025 116 ) 
4 24 36 (7861 8075 116 ) (7861 8192 116 ) (7945 8192 116 ) (7945 8075 116 ) 
4 24 25 (7945 7925 131 ) (7945 7925 206 ) (7861 7925 206 ) (7861 7925 131 ) 
4 25 56 (7861 7875 206 ) (7861 7925 206 ) (7861 7925 146 ) (7861 7875 146 ) 
4 25 26 (7945 7875 146 ) (7945 7875 206 ) (7861 7875 206 ) (7861 7875 146 ) 
4 26 56 (7861 7825 206 ) (7861 7875 206 ) (7861 7875 146 ) (7861 7825 146 ) 
4 26 28 (7945 7825 161 ) (7945 7825 206 ) (7861 7825 206 ) (7861 7825 161 ) 
4 27 41 (7861 7825 116 ) (7861 7875 116 ) (7945 7875 116 ) (7945 7825 116 ) 
4 27 29 (7861 7825 116 ) (7945 7825 116 ) (7945 7825 131 ) (7861 7825 131 ) 
4 28 58 (7861 7775 206 ) (7861 7825 206 ) (7861 7825 176 ) (7861 7775 176 ) 
4 28 30 (7945 7775 176 ) (7945 7775 206 ) (7861 7775 206 ) (7861 7775 176 ) 
4 29 59 (7861 7825 146 ) (7861 7825 116 ) (7861 7775 116 ) (7861 7775 146 ) 
4 29 41 (7861 7775 116 ) (7861 7825 116 ) (7945 7825 116 ) (7945 7775 116 ) 
4 29 31 (7861 7775 116 ) (7945 7775 116 ) (7945 7775 146 ) (7861 7775 146 ) 
4 30 58 (7861 7725 206 ) (7861 7775 206 ) (7861 7775 176 ) (7861 7725 176 ) 
4 30 32 (7945 7725 191 ) (7945 7725 206 ) (7861 7725 206 ) (7861 7725 191 ) 
4 31 59 (7861 7775 146 ) (7861 7775 116 ) (7861 7725 116 ) (7861 7725 146 ) 
4 31 41 (7861 7725 116 ) (7861 7775 116 ) (7945 7775 116 ) (7945 7725 116 ) 
4 31 33 (7861 7725 116 ) (7945 7725 116 ) (7945 7725 161 ) (7861 7725 161 ) 
4 33 60 (7861 7725 176 ) (7861 7725 116 ) (7861 7675 116 ) (7861 7675 176 ) 
4 33 41 (7861 7675 116 ) (7861 7725 116 ) (7945 7725 116 ) (7945 7675 116 ) 
4 33 34 (7861 7675 116 ) (7945 7675 116 ) (7945 7675 176 ) (7861 7675 176 ) 
4 34 60 (7861 7675 176 ) (7861 7675 116 ) (7861 7625 116 ) (7861 7625 176 ) 
4 34 41 (7861 7625 116 ) (7861 7675 116 ) (7945 7675 116 ) (7945 7625 116 ) 
4 34 35 (7861 7625 116 ) (7945 7625 116 ) (7945 7625 191 ) (7861 7625 191 ) 
4 35 138 (7945 7168 116 ) (7945 7168 206 ) (7861 7168 206 ) (7861 7168 116 ) 
4 35 61 (7861 7168 116 ) (7861 7168 206 ) (7861 7625 206 ) (7861 7625 116 ) 
4 35 41 (7861 7168 116 ) (7861 7625 116 ) (7945 7625 116 ) (7945 7168 116 ) 
4 36 62 (7861 8192 86 ) (7861 8192 71 ) (7861 8125 71 ) (7861 8125 86 ) 
4 36 54 (7861 8075 116 ) (7861 8192 116 ) (7861 8192 86 ) (7861 8075 86 ) 
4 36 42 (7861 8125 71 ) (7861 8192 71 ) (7945 8192 71 ) (7945 8125 71 ) 
4 36 37 (7945 8075 86 ) (7945 8075 116 ) (7861 8075 116 ) (7861 8075 86 ) 
4 37 54 (7861 8025 116 ) (7861 8075 116 ) (7861 8075 86 ) (7861 8025 86 ) 
4 37 38 (7945 8025 101 ) (7945 8025 116 ) (7861 8025 116 ) (7861 8025 101 ) 
4 39 63 (7861 8025 86 ) (7861 8025 71 ) (7861 7975 71 ) (7861 7975 86 ) 
4 39 43 (7861 7975 71 ) (7861 8025 71 ) (7945 8025 71 ) (7945 7975 71 ) 
4 39 40 (7861 7975 71 ) (7945 7975 71 ) (7945 7975 86 ) (7861 7975 86 ) 
4 40 63 (7861 7975 86 ) (7861 7975 71 ) (7861 7925 71 ) (7861 7925 86 ) 
4 40 43 (7861 7925 71 ) (7861 7975 71 ) (7945 7975 71 ) (7945 7925 71 ) 
4 40 41 (7861 7925 71 ) (7945 7925 71 ) (7945 7925 101 ) (7861 7925 101 ) 
4 41 138 (7945 7168 71 ) (7945 7168 116 ) (7861 7168 116 ) (7861 7168 71 ) 
4 41 63 (7861 7168 71 ) (7861 7168 86 ) (7861 7925 86 ) (7861 7925 71 ) 
4 41 60 (7861 7625 116 ) (7861 7725 116 ) (7861 7725 86 ) (7861 7625 86 ) 
4 41 61 (7861 7168 86 ) (7861 7168 116 ) (7861 7625 116 ) (7861 7625 86 ) 
4 41 59 (7861 7725 116 ) (7861 7825 116 ) (7861 7825 86 ) (7861 7725 86 ) 
4 41 57 (7861 7825 116 ) (7861 7925 116 ) (7861 7925 86 ) (7861 7825 86 ) 
4 41 43 (7861 7168 71 ) (7861 7925 71 ) (7945 7925 71 ) (7945 7168 71 ) 
4 42 62 (7861 8125 71 ) (7861 8192 71 ) (7861 8192 56 ) (7861 8125 56 ) 
4 43 138 (7945 7168 56 ) (7945 7168 71 ) (7861 7168 71 ) (7861 7168 56 ) 
4 43 63 (7861 7168 56 ) (7861 7168 71 ) (7861 8025 71 ) (7861 8025 56 ) 
4 44 67 (7168 7225 784 ) (7168 8192 784 ) (7168 8192 326 ) (7168 7225 326 ) 
4 44 46 (7168 7325 326 ) (7168 8192 326 ) (7861 8192 326 ) (7861 7325 326 ) 
4 44 45 (7861 7225 356 ) (7861 7225 784 ) (7168 7225 784 ) (7168 7225 356 ) 
4 45 141 (7861 7168 356 ) (7861 7168 386 ) (7168 7168 386 ) (7168 7168 356 ) 
4 45 139 (7861 7168 386 ) (7861 7168 784 ) (7168 7168 784 ) (7168 7168 386 ) 
4 45 68 (7168 7168 356 ) (7168 7168 784 ) (7168 7225 784 ) (7168 7225 356 ) 
4 46 69 (7168 7325 326 ) (7168 8192 326 ) (7168 8192 296 ) (7168 7325 296 ) 
4 46 50 (7861 7525 296 ) (7861 7425 296 ) (7168 7425 296 ) (7168 7525 296 ) 
4 46 49 (7861 7625 296 ) (7861 7525 296 ) (7168 7525 296 ) (7168 7625 296 ) 
4 46 48 (7861 8192 296 ) (7861 7625 296 ) (7168 7625 296 ) (7168 8192 296 ) 
4 47 144 (7861 7168 296 ) (7861 7168 326 ) (7168 7168 326 ) (7168 7168 296 ) 
4 47 70 (7168 7168 296 ) (7168 7168 326 ) (7168 7225 326 ) (7168 7225 296 ) 
4 47 53 (7861 7225 296 ) (7861 7168 296 ) (7168 7168 296 ) (7168 7225 296 ) 
4 48 71 (7168 7625 296 ) (7168 8192 296 ) (7168 8192 206 ) (7168 7625 206 ) 
4 48 58 (7168 7725 206 ) (7168 7825 206 ) (7861 7825 206 ) (7861 7725 206 ) 
4 48 56 (7168 7825 206 ) (7168 7925 206 ) (7861 7925 206 ) (7861 7825 206 ) 
4 48 55 (7168 7925 206 ) (7168 8025 206 ) (7861 8025 206 ) (7861 7925 206 ) 
4 48 54 (7168 8025 206 ) (7168 8192 206 ) (7861 8192 206 ) (7861 8025 206 ) 
4 48 49 (7861 7625 236 ) (7861 7625 296 ) (7168 7625 296 ) (7168 7625 236 ) 
4 49 72 (7168 7525 296 ) (7168 7625 296 ) (7168 7625 236 ) (7168 7525 236 ) 
4 49 50 (7861 7525 266 ) (7861 7525 296 ) (7168 7525 296 ) (7168 7525 266 ) 
4 50 73 (7168 7425 296 ) (7168 7525 296 ) (7168 7525 266 ) (7168 7425 266 ) 
4 51 74 (7168 7525 236 ) (7168 7525 206 ) (7168 7425 206 ) (7168 7425 236 ) 
4 51 61 (7168 7425 206 ) (7168 7525 206 ) (7861 7525 206 ) (7861 7425 206 ) 
4 51 52 (7168 7425 206 ) (7861 7425 206 ) (7861 7425 236 ) (7168 7425 236 ) 
4 52 75 (7168 7425 266 ) (7168 7425 206 ) (7168 7325 206 ) (7168 7325 266 ) 
4 52 61 (7168 7325 206 ) (7168 7425 206 ) (7861 7425 206 ) (7861 7325 206 ) 
4 52 53 (7168 7325 206 ) (7861 7325 206 ) (7861 7325 266 ) (7168 7325 266 ) 
4 53 144 (7861 7168 206 ) (7861 7168 296 ) (7168 7168 296 ) (7168 7168 206 ) 
4 53 76 (7168 7168 206 ) (7168 7168 296 ) (7168 7325 296 ) (7168 7325 206 ) 
4 53 61 (7168 7168 206 ) (7168 7325 206 ) (7861 7325 206 ) (7861 7168 206 ) 
4 54 77 (7168 8025 206 ) (7168 8192 206 ) (7168 8192 86 ) (7168 8025 86 ) 
4 54 62 (7861 8192 86 ) (7861 8125 86 ) (7168 8125 86 ) (7168 8192 86 ) 
4 54 55 (7861 8025 116 ) (7861 8025 206 ) (7168 8025 206 ) (7168 8025 116 ) 
4 55 78 (7168 7925 206 ) (7168 8025 206 ) (7168 8025 116 ) (7168 7925 116 ) 
4 55 56 (7861 7925 146 ) (7861 7925 206 ) (7168 7925 206 ) (7168 7925 146 ) 
4 56 79 (7168 7825 206 ) (7168 7925 206 ) (7168 7925 146 ) (7168 7825 146 ) 
4 56 58 (7861 7825 176 ) (7861 7825 206 ) (7168 7825 206 ) (7168 7825 176 ) 
4 57 80 (7168 7925 116 ) (7168 7925 86 ) (7168 7825 86 ) (7168 7825 116 ) 
4 57 63 (7861 7925 86 ) (7861 7825 86 ) (7168 7825 86 ) (7168 7925 86 ) 
4 57 59 (7168 7825 86 ) (7861 7825 86 ) (7861 7825 116 ) (7168 7825 116 ) 
4 58 81 (7168 7725 206 ) (7168 7825 206 ) (7168 7825 176 ) (7168 7725 176 ) 
4 59 82 (7168 7825 146 ) (7168 7825 86 ) (7168 7725 86 ) (7168 7725 146 ) 
4 59 63 (7861 7825 86 ) (7861 7725 86 ) (7168 7725 86 ) (7168 7825 86 ) 
4 59 60 (7168 7725 86 ) (7861 7725 86 ) (7861 7725 146 ) (7168 7725 146 ) 
4 60 83 (7168 7725 176 ) (7168 7725 86 ) (7168 7625 86 ) (7168 7625 176 ) 
4 60 63 (7861 7725 86 ) (7861 7625 86 ) (7168 7625 86 ) (7168 7725 86 ) 
4 60 61 (7168 7625 86 ) (7861 7625 86 ) (7861 7625 176 ) (7168 7625 176 ) 
4 61 144 (7861 7168 86 ) (7861 7168 206 ) (7168 7168 206 ) (7168 7168 86 ) 
4 61 84 (7168 7168 86 ) (7168 7168 206 ) (7168 7625 206 ) (7168 7625 86 ) 
4 61 63 (7861 7625 86 ) (7861 7168 86 ) (7168 7168 86 ) (7168 7625 86 ) 
4 62 85 (7168 8125 86 ) (7168 8192 86 ) (7168 8192 56 ) (7168 8125 56 ) 
4 63 144 (7861 7168 56 ) (7861 7168 86 ) (7168 7168 86 ) (7168 7168 56 ) 
4 63 86 (7168 7168 56 ) (7168 7168 86 ) (7168 8025 86 ) (7168 8025 56 ) 
4 64 65 (7168 8712 152 ) (7168 8712 704 ) (6600 8712 704 ) (6600 8712 152 ) 
4 65 66 (7168 8376 104 ) (7168 8376 784 ) (6312 8376 784 ) (6312 8376 104 ) 
4 66 127 (6459 8192 784 ) (6312 8192 784 ) (6312 8192 56 ) (6459 8192 56 ) 
4 66 125 (6459 8192 71 ) (6459 8192 56 ) (6543 8192 56 ) (6543 8192 71 ) 
4 66 119 (6459 8192 116 ) (6459 8192 71 ) (6543 8192 71 ) (6543 8192 116 ) 
4 66 107 (6459 8192 206 ) (6459 8192 116 ) (6543 8192 116 ) (6543 8192 206 ) 
4 66 95 (6459 8192 296 ) (6459 8192 206 ) (6543 8192 206 ) (6543 8192 296 ) 
4 66 89 (6459 8192 341 ) (6459 8192 296 ) (6543 8192 296 ) (6543 8192 341 ) 
4 66 88 (6459 8192 356 ) (6459 8192 341 ) (6543 8192 341 ) (6543 8192 356 ) 
4 66 87 (6543 8192 784 ) (6459 8192 784 ) (6459 8192 356 ) (6543 8192 356 ) 
4 66 85 (7168 8192 56 ) (7168 8192 86 ) (6543 8192 86 ) (6543 8192 56 ) 
4 66 77 (7168 8192 86 ) (7168 8192 206 ) (6543 8192 206 ) (6543 8192 86 ) 
4 66 71 (7168 8192 206 ) (7168 8192 296 ) (6543 8192 296 ) (6543 8192 206 ) 
4 66 69 (7168 8192 296 ) (7168 8192 326 ) (6543 8192 326 ) (6543 8192 296 ) 
4 66 67 (7168 8192 326 ) (7168 8192 784 ) (6543 8192 784 ) (6543 8192 326 ) 
4 67 91 (6543 7275 326 ) (6543 7225 326 ) (6543 7225 341 ) (6543 7275 341 ) 
4 67 90 (6543 7325 326 ) (6543 7275 326 ) (6543 7275 341 ) (6543 7325 341 ) 
4 67 89 (6543 8192 341 ) (6543 8192 326 ) (6543 7325 326 ) (6543 7325 341 ) 
4 67 88 (6543 8192 356 ) (6543 8192 341 ) (6543 7225 341 ) (6543 7225 356 ) 
4 67 87 (6543 7225 784 ) (6543 8192 784 ) (6543 8192 356 ) (6543 7225 356 ) 
4 67 69 (6543 7325 326 ) (6543 8192 326 ) (7168 8192 326 ) (7168 7325 326 ) 
4 67 68 (7168 7225 356 ) (7168 7225 784 ) (6543 7225 784 ) (6543 7225 356 ) 
4 68 147 (7168 7168 356 ) (7168 7168 386 ) (6543 7168 386 ) (6543 7168 356 ) 
4 68 145 (7168 7168 386 ) (7168 7168 784 ) (6543 7168 784 ) (6543 7168 386 ) 
4 68 87 (6543 7168 356 ) (6543 7168 784 ) (6543 7225 784 ) (6543 7225 356 ) 
4 69 89 (6543 7325 326 ) (6543 8192 326 ) (6543 8192 296 ) (6543 7325 296 ) 
4 69 73 (6543 7425 296 ) (6543 7525 296 ) (7168 7525 296 ) (7168 7425 296 ) 
4 69 72 (6543 7525 296 ) (6543 7625 296 ) (7168 7625 296 ) (7168 7525 296 ) 
4 69 71 (6543 7625 296 ) (6543 8192 296 ) (7168 8192 296 ) (7168 7625 296 ) 
4 70 150 (7168 7168 296 ) (7168 7168 326 ) (6543 7168 326 ) (6543 7168 296 ) 
4 70 93 (6543 7175 326 ) (6543 7225 326 ) (6543 7225 296 ) (6543 7175 296 ) 
4 70 94 (6543 7168 296 ) (6543 7168 326 ) (6543 7175 326 ) (6543 7175 296 ) 
4 70 76 (6543 7168 296 ) (6543 7225 296 ) (7168 7225 296 ) (7168 7168 296 ) 
4 71 95 (6543 7625 296 ) (6543 8192 296 ) (6543 8192 206 ) (6543 7625 206 ) 
4 71 81 (6543 7725 206 ) (6543 7825 206 ) (7168 7825 206 ) (7168 7725 206 ) 
4 71 79 (6543 7825 206 ) (6543 7925 206 ) (7168 7925 206 ) (7168 7825 206 ) 
4 71 78 (6543 7925 206 ) (6543 8025 206 ) (7168 8025 206 ) (7168 7925 206 ) 
4 71 77 (6543 8025 206 ) (6543 8192 206 ) (7168 8192 206 ) (7168 8025 206 ) 
4 71 72 (7168 7625 236 ) (7168 7625 296 ) (6543 7625 296 ) (6543 7625 236 ) 
4 72 97 (6543 7525 296 ) (6543 7575 296 ) (6543 7575 236 ) (6543 7525 236 ) 
4 72 96 (6543 7575 296 ) (6543 7625 296 ) (6543 7625 236 ) (6543 7575 236 ) 
4 72 73 (7168 7525 266 ) (7168 7525 296 ) (6543 7525 296 ) (6543 7525 266 ) 
4 73 101 (6543 7425 296 ) (6543 7475 296 ) (6543 7475 266 ) (6543 7425 266 ) 
4 73 99 (6543 7475 296 ) (6543 7525 296 ) (6543 7525 266 ) (6543 7475 266 ) 
4 74 102 (6543 7475 206 ) (6543 7425 206 ) (6543 7425 236 ) (6543 7475 236 ) 
4 74 100 (6543 7525 236 ) (6543 7525 206 ) (6543 7475 206 ) (6543 7475 236 ) 
4 74 84 (6543 7425 206 ) (6543 7525 206 ) (7168 7525 206 ) (7168 7425 206 ) 
4 74 75 (6543 7425 206 ) (7168 7425 206 ) (7168 7425 236 ) (6543 7425 236 ) 
4 75 105 (6543 7375 206 ) (6543 7325 206 ) (6543 7325 266 ) (6543 7375 266 ) 
4 75 104 (6543 7425 266 ) (6543 7425 206 ) (6543 7375 206 ) (6543 7375 266 ) 
4 75 84 (6543 7325 206 ) (6543 7425 206 ) (7168 7425 206 ) (7168 7325 206 ) 
4 75 76 (6543 7325 206 ) (7168 7325 206 ) (7168 7325 266 ) (6543 7325 266 ) 
4 76 150 (7168 7168 206 ) (7168 7168 296 ) (6543 7168 296 ) (6543 7168 206 ) 
4 76 106 (6543 7168 206 ) (6543 7168 296 ) (6543 7325 296 ) (6543 7325 206 ) 
4 76 84 (7168 7168 206 ) (6543 7168 206 ) (6543 7325 206 ) (7168 7325 206 ) 
4 77 120 (6543 8075 86 ) (6543 8025 86 ) (6543 8025 116 ) (6543 8075 116 ) 
4 77 119 (6543 8192 116 ) (6543 8192 86 ) (6543 8075 86 ) (6543 8075 116 ) 
4 77 107 (6543 8025 206 ) (6543 8192 206 ) (6543 8192 116 ) (6543 8025 116 ) 
4 77 85 (6543 8125 86 ) (6543 8192 86 ) (7168 8192 86 ) (7168 8125 86 ) 
4 77 78 (7168 8025 116 ) (7168 8025 206 ) (6543 8025 206 ) (6543 8025 116 ) 
4 78 107 (6543 7925 206 ) (6543 8025 206 ) (6543 8025 116 ) (6543 7925 116 ) 
4 78 79 (7168 7925 146 ) (7168 7925 206 ) (6543 7925 206 ) (6543 7925 146 ) 
4 79 109 (6543 7825 206 ) (6543 7875 206 ) (6543 7875 146 ) (6543 7825 146 ) 
4 79 108 (6543 7875 206 ) (6543 7925 206 ) (6543 7925 146 ) (6543 7875 146 ) 
4 79 81 (7168 7825 176 ) (7168 7825 206 ) (6543 7825 206 ) (6543 7825 176 ) 
4 80 124 (6543 7925 116 ) (6543 7925 86 ) (6543 7825 86 ) (6543 7825 116 ) 
4 80 86 (6543 7825 86 ) (6543 7925 86 ) (7168 7925 86 ) (7168 7825 86 ) 
4 80 82 (6543 7825 86 ) (7168 7825 86 ) (7168 7825 116 ) (6543 7825 116 ) 
4 81 113 (6543 7725 206 ) (6543 7775 206 ) (6543 7775 176 ) (6543 7725 176 ) 
4 81 111 (6543 7775 206 ) (6543 7825 206 ) (6543 7825 176 ) (6543 7775 176 ) 
4 82 124 (6543 7825 116 ) (6543 7825 86 ) (6543 7725 86 ) (6543 7725 116 ) 
4 82 114 (6543 7775 116 ) (6543 7725 116 ) (6543 7725 146 ) (6543 7775 146 ) 
4 82 112 (6543 7825 146 ) (6543 7825 116 ) (6543 7775 116 ) (6543 7775 146 ) 
4 82 86 (6543 7725 86 ) (6543 7825 86 ) (7168 7825 86 ) (7168 7725 86 ) 
4 82 83 (6543 7725 86 ) (7168 7725 86 ) (7168 7725 146 ) (6543 7725 146 ) 
4 83 124 (6543 7725 116 ) (6543 7725 86 ) (6543 7625 86 ) (6543 7625 116 ) 
4 83 117 (6543 7675 116 ) (6543 7625 116 ) (6543 7625 176 ) (6543 7675 176 ) 
4 83 116 (6543 7725 176 ) (6543 7725 116 ) (6543 7675 116 ) (6543 7675 176 ) 
4 83 86 (6543 7625 86 ) (6543 7725 86 ) (7168 7725 86 ) (7168 7625 86 ) 
4 83 84 (6543 7625 86 ) (7168 7625 86 ) (7168 7625 176 ) (6543 7625 176 ) 
4 84 150 (7168 7168 86 ) (7168 7168 206 ) (6543 7168 206 ) (6543 7168 86 ) 
4 84 124 (6543 7168 86 ) (6543 7168 116 ) (6543 7625 116 ) (6543 7625 86 ) 
4 84 118 (6543 7168 116 ) (6543 7168 206 ) (6543 7625 206 ) (6543 7625 116 ) 
4 84 86 (6543 7168 86 ) (6543 7625 86 ) (7168 7625 86 ) (7168 7168 86 ) 
4 85 125 (6543 8192 71 ) (6543 8192 56 ) (6543 8125 56 ) (6543 8125 71 ) 
4 85 119 (6543 8125 86 ) (6543 8192 86 ) (6543 8192 71 ) (6543 8125 71 ) 
4 86 150 (7168 7168 56 ) (7168 7168 86 ) (6543 7168 86 ) (6543 7168 56 ) 
4 86 126 (6543 7168 56 ) (6543 7168 71 ) (6543 8025 71 ) (6543 8025 56 ) 
4 86 123 (6543 7925 86 ) (6543 7975 86 ) (6543 7975 71 ) (6543 7925 71 ) 
4 86 124 (6543 7168 71 ) (6543 7168 86 ) (6543 7925 86 ) (6543 7925 71 ) 
4 86 122 (6543 7975 86 ) (6543 8025 86 ) (6543 8025 71 ) (6543 7975 71 ) 
4 87 157 (6543 7168 356 ) (6543 7168 371 ) (6459 7168 371 ) (6459 7168 356 ) 
4 87 153 (6543 7168 371 ) (6543 7168 401 ) (6459 7168 401 ) (6459 7168 371 ) 
4 87 152 (6543 7168 401 ) (6543 7168 416 ) (6459 7168 416 ) (6459 7168 401 ) 
4 87 151 (6543 7168 416 ) (6543 7168 784 ) (6459 7168 784 ) (6459 7168 416 ) 
4 87 127 (6459 8192 784 ) (6459 8192 356 ) (6459 7168 356 ) (6459 7168 784 ) 
4 87 88 (6459 7175 356 ) (6459 8192 356 ) (6543 8192 356 ) (6543 7175 356 ) 
4 88 127 (6459 8192 356 ) (6459 8192 341 ) (6459 7175 341 ) (6459 7175 356 ) 
4 88 91 (6459 7225 341 ) (6459 7275 341 ) (6543 7275 341 ) (6543 7225 341 ) 
4 88 90 (6459 7275 341 ) (6459 7325 341 ) (6543 7325 341 ) (6543 7275 341 ) 
4 88 89 (6459 7325 341 ) (6459 8192 341 ) (6543 8192 341 ) (6543 7325 341 ) 
4 89 127 (6459 8192 341 ) (6459 8192 296 ) (6459 7325 296 ) (6459 7325 341 ) 
4 89 103 (6459 7375 296 ) (6459 7425 296 ) (6543 7425 296 ) (6543 7375 296 ) 
4 89 101 (6459 7425 296 ) (6459 7475 296 ) (6543 7475 296 ) (6543 7425 296 ) 
4 89 99 (6459 7475 296 ) (6459 7525 296 ) (6543 7525 296 ) (6543 7475 296 ) 
4 89 97 (6459 7525 296 ) (6459 7575 296 ) (6543 7575 296 ) (6543 7525 296 ) 
4 89 96 (6459 7575 296 ) (6459 7625 296 ) (6543 7625 296 ) (6543 7575 296 ) 
4 89 95 (6459 7625 296 ) (6459 8192 296 ) (6543 8192 296 ) (6543 7625 296 ) 
4 89 90 (6543 7325 311 ) (6543 7325 341 ) (6459 7325 341 ) (6459 7325 311 ) 
4 90 127 (6459 7275 311 ) (6459 7275 341 ) (6459 7325 341 ) (6459 7325 311 ) 
4 90 91 (6543 7275 326 ) (6543 7275 341 ) (6459 7275 341 ) (6459 7275 326 ) 
4 91 127 (6459 7225 326 ) (6459 7225 341 ) (6459 7275 341 ) (6459 7275 326 ) 
4 92 127 (6459 7275 296 ) (6459 7225 296 ) (6459 7225 311 ) (6459 7275 311 ) 
4 92 106 (6459 7225 296 ) (6459 7275 296 ) (6543 7275 296 ) (6543 7225 296 ) 
4 92 93 (6459 7225 296 ) (6543 7225 296 ) (6543 7225 311 ) (6459 7225 311 ) 
4 93 127 (6459 7225 296 ) (6459 7175 296 ) (6459 7175 326 ) (6459 7225 326 ) 
4 93 106 (6459 7175 296 ) (6459 7225 296 ) (6543 7225 296 ) (6543 7175 296 ) 
4 93 94 (6459 7175 296 ) (6543 7175 296 ) (6543 7175 326 ) (6459 7175 326 ) 
4 94 160 (6543 7168 296 ) (6543 7168 341 ) (6459 7168 341 ) (6459 7168 296 ) 
4 94 127 (6459 7175 296 ) (6459 7168 296 ) (6459 7168 341 ) (6459 7175 341 ) 
4 94 106 (6459 7168 296 ) (6459 7175 296 ) (6543 7175 296 ) (6543 7168 296 ) 
4 95 127 (6459 8192 296 ) (6459 8192 206 ) (6459 7625 206 ) (6459 7625 296 ) 
4 95 115 (6459 7675 206 ) (6459 7725 206 ) (6543 7725 206 ) (6543 7675 206 ) 
4 95 113 (6459 7725 206 ) (6459 7775 206 ) (6543 7775 206 ) (6543 7725 206 ) 
4 95 111 (6459 7775 206 ) (6459 7825 206 ) (6543 7825 206 ) (6543 7775 206 ) 
4 95 109 (6459 7825 206 ) (6459 7875 206 ) (6543 7875 206 ) (6543 7825 206 ) 
4 95 108 (6459 7875 206 ) (6459 7925 206 ) (6543 7925 206 ) (6543 7875 206 ) 
4 95 107 (6459 7925 206 ) (6459 8192 206 ) (6543 8192 206 ) (6543 7925 206 ) 
4 95 96 (6543 7625 221 ) (6543 7625 296 ) (6459 7625 296 ) (6459 7625 221 ) 
4 96 127 (6459 7575 221 ) (6459 7575 296 ) (6459 7625 296 ) (6459 7625 221 ) 
4 96 97 (6543 7575 236 ) (6543 7575 296 ) (6459 7575 296 ) (6459 7575 236 ) 
4 97 127 (6459 7525 236 ) (6459 7525 296 ) (6459 7575 296 ) (6459 7575 236 ) 
4 97 99 (6543 7525 251 ) (6543 7525 296 ) (6459 7525 296 ) (6459 7525 251 ) 
4 98 127 (6459 7575 206 ) (6459 7525 206 ) (6459 7525 221 ) (6459 7575 221 ) 
4 98 118 (6459 7525 206 ) (6459 7575 206 ) (6543 7575 206 ) (6543 7525 206 ) 
4 98 100 (6459 7525 206 ) (6543 7525 206 ) (6543 7525 221 ) (6459 7525 221 ) 
4 99 127 (6459 7475 251 ) (6459 7475 296 ) (6459 7525 296 ) (6459 7525 251 ) 
4 99 101 (6543 7475 266 ) (6543 7475 296 ) (6459 7475 296 ) (6459 7475 266 ) 
4 100 127 (6459 7525 206 ) (6459 7475 206 ) (6459 7475 236 ) (6459 7525 236 ) 
4 100 118 (6459 7475 206 ) (6459 7525 206 ) (6543 7525 206 ) (6543 7475 206 ) 
4 100 102 (6459 7475 206 ) (6543 7475 206 ) (6543 7475 236 ) (6459 7475 236 ) 
4 101 127 (6459 7425 266 ) (6459 7425 296 ) (6459 7475 296 ) (6459 7475 266 ) 
4 101 103 (6543 7425 281 ) (6543 7425 296 ) (6459 7425 296 ) (6459 7425 281 ) 
4 102 127 (6459 7475 206 ) (6459 7425 206 ) (6459 7425 251 ) (6459 7475 251 ) 
4 102 118 (6459 7425 206 ) (6459 7475 206 ) (6543 7475 206 ) (6543 7425 206 ) 
4 102 104 (6459 7425 206 ) (6543 7425 206 ) (6543 7425 251 ) (6459 7425 251 ) 
4 103 127 (6459 7375 281 ) (6459 7375 296 ) (6459 7425 296 ) (6459 7425 281 ) 
4 104 127 (6459 7425 206 ) (6459 7375 206 ) (6459 7375 266 ) (6459 7425 266 ) 
4 104 118 (6459 7375 206 ) (6459 7425 206 ) (6543 7425 206 ) (6543 7375 206 ) 
4 104 105 (6459 7375 206 ) (6543 7375 206 ) (6543 7375 266 ) (6459 7375 266 ) 
4 105 127 (6459 7375 206 ) (6459 7325 206 ) (6459 7325 281 ) (6459 7375 281 ) 
4 105 118 (6459 7325 206 ) (6459 7375 206 ) (6543 7375 206 ) (6543 7325 206 ) 
4 105 106 (6459 7325 206 ) (6543 7325 206 ) (6543 7325 281 ) (6459 7325 281 ) 
4 106 160 (6543 7168 206 ) (6543 7168 296 ) (6459 7168 296 ) (6459 7168 206 ) 
4 106 127 (6459 7325 206 ) (6459 7168 206 ) (6459 7168 296 ) (6459 7325 296 ) 
4 106 118 (6459 7168 206 ) (6459 7325 206 ) (6543 7325 206 ) (6543 7168 206 ) 
4 107 127 (6459 8192 206 ) (6459 8192 116 ) (6459 7925 116 ) (6459 7925 206 ) 
4 107 121 (6459 7975 116 ) (6459 8025 116 ) (6543 8025 116 ) (6543 7975 116 ) 
4 107 120 (6459 8025 116 ) (6459 8075 116 ) (6543 8075 116 ) (6543 8025 116 ) 
4 107 119 (6459 8075 116 ) (6459 8192 116 ) (6543 8192 116 ) (6543 8075 116 ) 
4 107 108 (6543 7925 131 ) (6543 7925 206 ) (6459 7925 206 ) (6459 7925 131 ) 
4 108 127 (6459 7875 131 ) (6459 7875 206 ) (6459 7925 206 ) (6459 7925 131 ) 
4 108 109 (6543 7875 146 ) (6543 7875 206 ) (6459 7875 206 ) (6459 7875 146 ) 
4 109 127 (6459 7825 146 ) (6459 7825 206 ) (6459 7875 206 ) (6459 7875 146 ) 
4 109 111 (6543 7825 161 ) (6543 7825 206 ) (6459 7825 206 ) (6459 7825 161 ) 
4 110 127 (6459 7875 116 ) (6459 7825 116 ) (6459 7825 131 ) (6459 7875 131 ) 
4 110 124 (6459 7825 116 ) (6459 7875 116 ) (6543 7875 116 ) (6543 7825 116 ) 
4 110 112 (6459 7825 116 ) (6543 7825 116 ) (6543 7825 131 ) (6459 7825 131 ) 
4 111 127 (6459 7775 161 ) (6459 7775 206 ) (6459 7825 206 ) (6459 7825 161 ) 
4 111 113 (6543 7775 176 ) (6543 7775 206 ) (6459 7775 206 ) (6459 7775 176 ) 
4 112 127 (6459 7825 116 ) (6459 7775 116 ) (6459 7775 146 ) (6459 7825 146 ) 
4 112 124 (6459 7775 116 ) (6459 7825 116 ) (6543 7825 116 ) (6543 7775 116 ) 
4 112 114 (6459 7775 116 ) (6543 7775 116 ) (6543 7775 146 ) (6459 7775 146 ) 
4 113 127 (6459 7725 176 ) (6459 7725 206 ) (6459 7775 206 ) (6459 7775 176 ) 
4 113 115 (6543 7725 191 ) (6543 7725 206 ) (6459 7725 206 ) (6459 7725 191 ) 
4 114 127 (6459 7775 116 ) (6459 7725 116 ) (6459 7725 161 ) (6459 7775 161 ) 
4 114 124 (6459 7725 116 ) (6459 7775 116 ) (6543 7775 116 ) (6543 7725 116 ) 
4 114 116 (6459 7725 116 ) (6543 7725 116 ) (6543 7725 161 ) (6459 7725 161 ) 
4 115 127 (6459 7675 191 ) (6459 7675 206 ) (6459 7725 206 ) (6459 7725 191 ) 
4 116 127 (6459 7725 116 ) (6459 7675 116 ) (6459 7675 176 ) (6459 7725 176 ) 
4 116 124 (6459 7675 116 ) (6459 7725 116 ) (6543 7725 116 ) (6543 7675 116 ) 
4 116 117 (6459 7675 116 ) (6543 7675 116 ) (6543 7675 176 ) (6459 7675 176 ) 
4 117 127 (6459 7675 116 ) (6459 7625 116 ) (6459 7625 191 ) (6459 7675 191 ) 
4 117 124 (6459 7625 116 ) (6459 7675 116 ) (6543 7675 116 ) (6543 7625 116 ) 
4 117 118 (6459 7625 116 ) (6543 7625 116 ) (6543 7625 191 ) (6459 7625 191 ) 
4 118 160 (6543 7168 116 ) (6543 7168 206 ) (6459 7168 206 ) (6459 7168 116 ) 
4 118 127 (6459 7625 116 ) (6459 7168 116 ) (6459 7168 206 ) (6459 7625 206 ) 
4 118 124 (6459 7168 116 ) (6459 7625 116 ) (6543 7625 116 ) (6543 7168 116 ) 
4 119 127 (6459 8192 116 ) (6459 8192 71 ) (6459 8075 71 ) (6459 8075 116 ) 
4 119 125 (6459 8125 71 ) (6459 8192 71 ) (6543 8192 71 ) (6543 8125 71 ) 
4 119 120 (6543 8075 86 ) (6543 8075 116 ) (6459 8075 116 ) (6459 8075 86 ) 
4 120 127 (6459 8025 86 ) (6459 8025 116 ) (6459 8075 116 ) (6459 8075 86 ) 
4 120 121 (6543 8025 101 ) (6543 8025 116 ) (6459 8025 116 ) (6459 8025 101 ) 
4 121 127 (6459 7975 101 ) (6459 7975 116 ) (6459 8025 116 ) (6459 8025 101 ) 
4 122 127 (6459 8025 71 ) (6459 7975 71 ) (6459 7975 86 ) (6459 8025 86 ) 
4 122 126 (6459 7975 71 ) (6459 8025 71 ) (6543 8025 71 ) (6543 7975 71 ) 
4 122 123 (6459 7975 71 ) (6543 7975 71 ) (6543 7975 86 ) (6459 7975 86 ) 
4 123 127 (6459 7975 71 ) (6459 7925 71 ) (6459 7925 101 ) (6459 7975 101 ) 
4 123 126 (6459 7925 71 ) (6459 7975 71 ) (6543 7975 71 ) (6543 7925 71 ) 
4 123 124 (6459 7925 71 ) (6543 7925 71 ) (6543 7925 101 ) (6459 7925 101 ) 
4 124 160 (6543 7168 71 ) (6543 7168 116 ) (6459 7168 116 ) (6459 7168 71 ) 
4 124 127 (6459 7925 71 ) (6459 7168 71 ) (6459 7168 116 ) (6459 7925 116 ) 
4 124 126 (6459 7168 71 ) (6459 7925 71 ) (6543 7925 71 ) (6543 7168 71 ) 
4 125 127 (6459 8192 71 ) (6459 8192 56 ) (6459 8125 56 ) (6459 8125 71 ) 
4 126 160 (6543 7168 56 ) (6543 7168 71 ) (6459 7168 71 ) (6459 7168 56 ) 
4 126 127 (6459 8075 56 ) (6459 7168 56 ) (6459 7168 71 ) (6459 8075 71 ) 
4 127 161 (6459 7168 56 ) (6459 7168 784 ) (6312 7168 784 ) (6312 7168 56 ) 
4 128 138 (7945 6925 56 ) (7945 6925 341 ) (7945 7168 341 ) (7945 7168 56 ) 
4 128 137 (7945 6925 341 ) (7945 6925 356 ) (7945 7125 356 ) (7945 7125 341 ) 
4 128 135 (7945 7125 371 ) (7945 7168 371 ) (7945 7168 356 ) (7945 7125 356 ) 
4 128 136 (7945 6925 356 ) (7945 6925 371 ) (7945 7075 371 ) (7945 7075 356 ) 
4 128 133 (7945 7025 386 ) (7945 7025 371 ) (7945 6975 371 ) (7945 6975 386 ) 
4 128 134 (7945 6925 371 ) (7945 6925 401 ) (7945 6975 401 ) (7945 6975 371 ) 
4 128 132 (7945 7025 401 ) (7945 7075 401 ) (7945 7075 386 ) (7945 7025 386 ) 
4 128 131 (7945 7075 401 ) (7945 7168 401 ) (7945 7168 371 ) (7945 7075 371 ) 
4 128 130 (7945 6975 416 ) (7945 7168 416 ) (7945 7168 401 ) (7945 6975 401 ) 
4 128 129 (7945 6925 416 ) (7945 6925 784 ) (7945 7168 784 ) (7945 7168 416 ) 
4 129 140 (7861 6925 416 ) (7861 6925 784 ) (7861 7025 784 ) (7861 7025 416 ) 
4 129 139 (7861 7025 784 ) (7861 7168 784 ) (7861 7168 416 ) (7861 7025 416 ) 
4 129 130 (7945 7168 416 ) (7945 6975 416 ) (7861 6975 416 ) (7861 7168 416 ) 
4 130 139 (7861 7025 416 ) (7861 7168 416 ) (7861 7168 401 ) (7861 7025 401 ) 
4 130 132 (7945 7075 401 ) (7945 7025 401 ) (7861 7025 401 ) (7861 7075 401 ) 
4 130 131 (7945 7168 401 ) (7945 7075 401 ) (7861 7075 401 ) (7861 7168 401 ) 
4 131 141 (7861 7168 386 ) (7861 7168 371 ) (7861 7125 371 ) (7861 7125 386 ) 
4 131 139 (7861 7075 401 ) (7861 7168 401 ) (7861 7168 386 ) (7861 7075 386 ) 
4 131 135 (7945 7168 371 ) (7945 7125 371 ) (7861 7125 371 ) (7861 7168 371 ) 
4 131 132 (7945 7075 386 ) (7945 7075 401 ) (7861 7075 401 ) (7861 7075 386 ) 
4 132 139 (7861 7025 401 ) (7861 7075 401 ) (7861 7075 386 ) (7861 7025 386 ) 
4 133 142 (7861 7025 386 ) (7861 7025 371 ) (7861 6975 371 ) (7861 6975 386 ) 
4 133 136 (7945 7025 371 ) (7945 6975 371 ) (7861 6975 371 ) (7861 7025 371 ) 
4 133 134 (7861 6975 371 ) (7945 6975 371 ) (7945 6975 386 ) (7861 6975 386 ) 
4 134 142 (7861 6925 371 ) (7861 6925 386 ) (7861 6975 386 ) (7861 6975 371 ) 
4 134 136 (7945 6975 371 ) (7945 6925 371 ) (7861 6925 371 ) (7861 6975 371 ) 
4 135 141 (7861 7125 371 ) (7861 7168 371 ) (7861 7168 356 ) (7861 7125 356 ) 
4 136 142 (7861 6925 356 ) (7861 6925 371 ) (7861 7025 371 ) (7861 7025 356 ) 
4 136 137 (7945 7075 356 ) (7945 6925 356 ) (7861 6925 356 ) (7861 7075 356 ) 
4 137 143 (7861 6925 341 ) (7861 6925 356 ) (7861 7125 356 ) (7861 7125 341 ) 
4 137 138 (7945 7125 341 ) (7945 6925 341 ) (7861 6925 341 ) (7861 7125 341 ) 
4 138 144 (7861 6925 56 ) (7861 6925 326 ) (7861 7168 326 ) (7861 7168 56 ) 
4 138 143 (7861 6925 326 ) (7861 6925 341 ) (7861 7125 341 ) (7861 7125 326 ) 
4 139 145 (7168 7168 784 ) (7168 7168 386 ) (7168 7025 386 ) (7168 7025 784 ) 
4 139 141 (7168 7125 386 ) (7168 7168 386 ) (7861 7168 386 ) (7861 7125 386 ) 
4 139 140 (7861 7025 416 ) (7861 7025 784 ) (7168 7025 784 ) (7168 7025 416 ) 
4 140 146 (7168 6925 416 ) (7168 6925 784 ) (7168 7025 784 ) (7168 7025 416 ) 
4 141 147 (7168 7168 386 ) (7168 7168 356 ) (7168 7125 356 ) (7168 7125 386 ) 
4 142 148 (7168 7025 356 ) (7168 6925 356 ) (7168 6925 386 ) (7168 7025 386 ) 
4 142 143 (7861 6925 356 ) (7168 6925 356 ) (7168 7025 356 ) (7861 7025 356 ) 
4 143 149 (7168 7125 326 ) (7168 6925 326 ) (7168 6925 356 ) (7168 7125 356 ) 
4 143 144 (7861 6925 326 ) (7168 6925 326 ) (7168 7125 326 ) (7861 7125 326 ) 
4 144 150 (7168 7168 326 ) (7168 7168 56 ) (7168 6925 56 ) (7168 6925 326 ) 
4 145 154 (6543 7075 386 ) (6543 7025 386 ) (6543 7025 401 ) (6543 7075 401 ) 
4 145 153 (6543 7168 401 ) (6543 7168 386 ) (6543 7075 386 ) (6543 7075 401 ) 
4 145 152 (6543 7168 416 ) (6543 7168 401 ) (6543 7025 401 ) (6543 7025 416 ) 
4 145 151 (6543 7025 784 ) (6543 7168 784 ) (6543 7168 416 ) (6543 7025 416 ) 
4 145 147 (6543 7125 386 ) (6543 7168 386 ) (7168 7168 386 ) (7168 7125 386 ) 
4 145 146 (7168 7025 416 ) (7168 7025 784 ) (6543 7025 784 ) (6543 7025 416 ) 
4 146 151 (6543 6925 416 ) (6543 6925 784 ) (6543 7025 784 ) (6543 7025 416 ) 
4 147 157 (6543 7168 371 ) (6543 7168 356 ) (6543 7125 356 ) (6543 7125 371 ) 
4 147 153 (6543 7125 386 ) (6543 7168 386 ) (6543 7168 371 ) (6543 7125 371 ) 
4 148 158 (6543 6925 356 ) (6543 6925 371 ) (6543 7025 371 ) (6543 7025 356 ) 
4 148 155 (6543 6975 386 ) (6543 7025 386 ) (6543 7025 371 ) (6543 6975 371 ) 
4 148 156 (6543 6925 371 ) (6543 6925 386 ) (6543 6975 386 ) (6543 6975 371 ) 
4 148 149 (7168 6925 356 ) (6543 6925 356 ) (6543 7025 356 ) (7168 7025 356 ) 
4 149 160 (6543 6925 326 ) (6543 6925 341 ) (6543 7125 341 ) (6543 7125 326 ) 
4 149 159 (6543 6925 341 ) (6543 6925 356 ) (6543 7125 356 ) (6543 7125 341 ) 
4 149 150 (7168 6925 326 ) (6543 6925 326 ) (6543 7125 326 ) (7168 7125 326 ) 
4 150 160 (6543 6925 56 ) (6543 6925 326 ) (6543 7168 326 ) (6543 7168 56 ) 
4 151 161 (6459 6925 416 ) (6459 6925 784 ) (6459 7168 784 ) (6459 7168 416 ) 
4 151 152 (6459 6975 416 ) (6459 7168 416 ) (6543 7168 416 ) (6543 6975 416 ) 
4 152 161 (6459 6975 416 ) (6459 7168 416 ) (6459 7168 401 ) (6459 6975 401 ) 
4 152 154 (6459 7025 401 ) (6459 7075 401 ) (6543 7075 401 ) (6543 7025 401 ) 
4 152 153 (6459 7075 401 ) (6459 7168 401 ) (6543 7168 401 ) (6543 7075 401 ) 
4 153 161 (6459 7075 401 ) (6459 7168 401 ) (6459 7168 371 ) (6459 7075 371 ) 
4 153 157 (6459 7125 371 ) (6459 7168 371 ) (6543 7168 371 ) (6543 7125 371 ) 
4 153 154 (6543 7075 386 ) (6543 7075 401 ) (6459 7075 401 ) (6459 7075 386 ) 
4 154 161 (6459 7025 401 ) (6459 7075 401 ) (6459 7075 386 ) (6459 7025 386 ) 
4 155 161 (6459 7025 386 ) (6459 7025 371 ) (6459 6975 371 ) (6459 6975 386 ) 
4 155 158 (6459 6975 371 ) (6459 7025 371 ) (6543 7025 371 ) (6543 6975 371 ) 
4 155 156 (6459 6975 371 ) (6543 6975 371 ) (6543 6975 386 ) (6459 6975 386 ) 
4 156 161 (6459 6925 371 ) (6459 6925 401 ) (6459 6975 401 ) (6459 6975 371 ) 
4 156 158 (6543 6925 371 ) (6459 6925 371 ) (6459 6975 371 ) (6543 6975 371 ) 
4 157 161 (6459 7125 371 ) (6459 7168 371 ) (6459 7168 356 ) (6459 7125 356 ) 
4 158 161 (6459 6925 356 ) (6459 6925 371 ) (6459 7075 371 ) (6459 7075 356 ) 
4 158 159 (6543 6925 356 ) (6459 6925 356 ) (6459 7075 356 ) (6543 7075 356 ) 
4 159 161 (6459 6925 341 ) (6459 6925 356 ) (6459 7125 356 ) (6459 7125 341 ) 
4 159 160 (6543 6925 341 ) (6459 6925 341 ) (6459 7125 341 ) (6543 7125 341 ) 
4 160 161 (6459 6925 56 ) (6459 6925 341 ) (6459 7168 341 ) (6459 7168 56 ) 
